techno_rfid/build/intermediates/manifest_merge_blame_file/debug/processDebugManifest/manifest-merger-blame-debug-report.txt
1<?xml version="1.0" encoding="utf-8"?>
2<manifest xmlns:android="http://schemas.android.com/apk/res/android"
3    package="com.technowave.techno_rfid" >
4
5    <uses-sdk android:minSdkVersion="23" />
6
7    <uses-permission android:name="android.permission.INTERNET" />
7-->src\main\AndroidManifest.xml:5:5-67
7-->src\main\AndroidManifest.xml:5:22-64
8    <uses-permission android:name="android.permission.ACCESS_NETWORK_STATE" />
8-->src\main\AndroidManifest.xml:6:5-79
8-->src\main\AndroidManifest.xml:6:22-76
9    <uses-permission android:name="android.permission.BLUETOOTH" />
9-->src\main\AndroidManifest.xml:7:5-68
9-->src\main\AndroidManifest.xml:7:22-65
10    <uses-permission android:name="android.permission.BLUETOOTH_ADMIN" />
10-->src\main\AndroidManifest.xml:8:5-74
10-->src\main\AndroidManifest.xml:8:22-71
11    <uses-permission android:name="android.permission.ACCESS_COARSE_LOCATION" />
11-->src\main\AndroidManifest.xml:9:5-81
11-->src\main\AndroidManifest.xml:9:22-78
12    <uses-permission android:name="android.permission.ACCESS_FINE_LOCATION" />
12-->src\main\AndroidManifest.xml:10:5-79
12-->src\main\AndroidManifest.xml:10:22-76
13    <uses-permission android:name="android.permission.FOREGROUND_SERVICE" />
13-->src\main\AndroidManifest.xml:11:5-77
13-->src\main\AndroidManifest.xml:11:22-74
14
15    <application>
15-->src\main\AndroidManifest.xml:13:5-28:19
16        <service
16-->src\main\AndroidManifest.xml:14:9-17:39
17            android:name="com.technowave.techno_rfid.NurApi.UartService"
17-->src\main\AndroidManifest.xml:15:13-47
18            android:enabled="true"
18-->src\main\AndroidManifest.xml:16:13-35
19            android:exported="true" />
19-->src\main\AndroidManifest.xml:17:13-36
20
21        <activity
21-->src\main\AndroidManifest.xml:19:9-22:40
22            android:name="com.technowave.techno_rfid.SettingsUI.NordicSettingsActivity"
22-->src\main\AndroidManifest.xml:20:13-62
23            android:exported="false"
23-->src\main\AndroidManifest.xml:22:13-37
24            android:theme="@style/Theme.MSLib" />
24-->src\main\AndroidManifest.xml:21:13-47
25        <activity
25-->src\main\AndroidManifest.xml:24:9-27:59
26            android:name="com.technowave.techno_rfid.NurApi.NurDeviceListActivity"
26-->src\main\AndroidManifest.xml:25:13-57
27            android:exported="true"
27-->src\main\AndroidManifest.xml:26:13-36
28            android:theme="@android:style/Theme.Dialog" />
28-->src\main\AndroidManifest.xml:27:13-56
29    </application>
30
31</manifest>